<?xml version="1.0" encoding="UTF-8"?>
<beans xmlns="http://www.springframework.org/schema/beans"
       xmlns:xsi="http://www.w3.org/2001/XMLSchema-instance"
       xmlns:util="http://www.springframework.org/schema/util"
       xsi:schemaLocation="http://www.springframework.org/schema/beans http://www.springframework.org/schema/beans/spring-beans.xsd
           http://www.springframework.org/schema/util http://www.springframework.org/schema/util/spring-util.xsd
           ">

    <bean id="beanStuffedWithResolvedProperties"
          class="mgurov.spring.PropertyLoadingSpringTest.Bean" lazy-init="true">
        <constructor-arg>
            <util:map map-class="java.util.HashMap" key-type="java.lang.String" value-type="java.lang.String">
                <entry key="overriden" value="${overriden}"/>
                <entry key="template" value="${template}"/>
                <entry key="name" value="${name}"/>
            </util:map>
        </constructor-arg>
    </bean>

    <bean id="classUnderTest" class="mgurov.spring.PropertyFileNamesSplitter">
        <property name="prefix" value="classpath:mgurov/spring/"/>
        <property name="suffix" value=".properties"/>
        <property name="prototypeNamesFinder">
            <bean class="mgurov.spring.PropertyLoadingSpringTest.KeyPrototypeFinder">
                <property name="prototypeKey" value="this.prototype"/>
            </bean>
        </property>
    </bean>

    <bean class="org.springframework.beans.factory.config.PropertyPlaceholderConfigurer">
        <property name="locations">
            <bean factory-bean="classUnderTest" factory-method="split">
                <constructor-arg name="commaSeparatedPropertyFileNames" value="test-sample"/>
            </bean>
        </property>
        <property name="ignoreUnresolvablePlaceholders" value="true"/>
    </bean>

</beans>